"May 27 11:45:40 ubuntu.local ticky: INFO Created ticket [#1234] (username)"
"May 27 11:45:40 ubuntu.local ticky: ERROR Errors creating ticket (username)"
"May 27 11:45:40 ubuntu.local ticky: INFO Created ticket [#1234] (Daveboy)"
"May 27 11:45:40 ubuntu.local ticky: INFO Created ticket [#1234] (Daveboy)"
"May 27 11:45:40 ubuntu.local ticky: ERROR Something Blow up (Daveboy)"
"May 27 11:45:40 ubuntu.local ticky: ERROR Machine unable to work (Novea.boss)"
"May 27 11:45:40 ubuntu.local ticky: INFO Clocked in wrong time [#1234] (Jim)"
"May 27 11:45:40 ubuntu.local ticky: ERROR Something Blow up (Daveboy)"
"May 27 11:45:40 ubuntu.local ticky: INFO Clocked in wrong time [#1234] (Kateyslut)"
"May 27 11:45:40 ubuntu.local ticky: ERROR Something Blow up (Jallthehoty)"
"May 27 11:45:40 ubuntu.local ticky: INFO Created ticket [#1234] (username)"
"May 27 11:45:40 ubuntu.local ticky: ERROR Errors creating ticket (username)"
"May 27 11:45:40 ubuntu.local ticky: INFO Created ticket [#1234] (Daveboy)"
"May 27 11:45:40 ubuntu.local ticky: INFO Created ticket [#1234] (Jallthehoty)"
"May 27 11:45:40 ubuntu.local ticky: ERROR Something Blow up (Daveboy)"
"May 27 11:45:40 ubuntu.local ticky: ERROR Machine unable to work (Novea.boss)"
"May 27 11:45:40 ubuntu.local ticky: INFO Clocked in wrong time [#1234] (Jim)"
"May 27 11:45:40 ubuntu.local ticky: ERROR Something Blow up (Daveboy)"
"May 27 11:45:40 ubuntu.local ticky: INFO Clocked in wrong time [#1234] (Kateyslut)"
"May 27 11:45:40 ubuntu.local ticky: ERROR Shows random address (Jallthehoty)"
"May 27 11:45:40 ubuntu.local ticky: INFO Created ticket [#1234] (username)"
"May 27 11:45:40 ubuntu.local ticky: ERROR Errors creating ticket (username)"
"May 27 11:45:40 ubuntu.local ticky: INFO Created ticket [#1234] (Daveboy)"
"May 27 11:45:40 ubuntu.local ticky: INFO Created ticket [#1234] (Jallthehoty)"
"May 27 11:45:40 ubuntu.local ticky: ERROR Something Blow up (Daveboy)"
"May 27 11:45:40 ubuntu.local ticky: ERROR Machine unable to work (Novea.boss)"
"May 27 11:45:40 ubuntu.local ticky: INFO Clocked in wrong time [#1234] (Jim)"
"May 27 11:45:40 ubuntu.local ticky: ERROR Shows random address (Daveboy)"
"May 27 11:45:40 ubuntu.local ticky: INFO Clocked in wrong time [#1234] (Kateyslut)"
"May 27 11:45:40 ubuntu.local ticky: ERROR Something Blow up (Jallthehoty)"
"May 27 11:45:40 ubuntu.local ticky: INFO Created ticket [#1234] (username)"
"May 27 11:45:40 ubuntu.local ticky: ERROR Errors creating ticket (username)"
"May 27 11:45:40 ubuntu.local ticky: INFO Created ticket [#1234] (Daveboy)"
"May 27 11:45:40 ubuntu.local ticky: INFO Created ticket [#1234] (Jallthehoty)"
"May 27 11:45:40 ubuntu.local ticky: ERROR Something Blow up (Daveboy)"
"May 27 11:45:40 ubuntu.local ticky: ERROR Machine unable to work (Novea.boss)"
"May 27 11:45:40 ubuntu.local ticky: INFO Clocked in wrong time [#1234] (Jim)"
"May 27 11:45:40 ubuntu.local ticky: INFO Clocked in wrong time [#1234] (Kateyslut)"
"May 27 11:45:40 ubuntu.local ticky: ERROR Something Blow up (Jallthehoty)"
"May 27 11:45:40 ubuntu.local ticky: INFO Created ticket [#1234] (username)"
"May 27 11:45:40 ubuntu.local ticky: ERROR Errors creating ticket (username)"
"May 27 11:45:40 ubuntu.local ticky: INFO Created ticket [#1234] (Daveboy)"
"May 27 11:45:40 ubuntu.local ticky: INFO Created ticket [#1234] (Jallthehoty)"
"May 27 11:45:40 ubuntu.local ticky: ERROR Something Blow up (Daveboy)"
"May 27 11:45:40 ubuntu.local ticky: ERROR Machine unable to work (Novea.boss)"
"May 27 11:45:40 ubuntu.local ticky: INFO Clocked in wrong time [#1234] (Novea.boss)"
"May 27 11:45:40 ubuntu.local ticky: ERROR Shows random address (Daveboy)"
"May 27 11:45:40 ubuntu.local ticky: INFO Clocked in wrong time [#1234] (Kateyslut)"
"May 27 11:45:40 ubuntu.local ticky: ERROR Shows random address (Jallthehoty)"
"May 27 11:45:40 ubuntu.local ticky: ERROR Something Blow up (Daveboy)"
"May 27 11:45:40 ubuntu.local ticky: ERROR Too much work (johnky)"
"May 27 11:45:40 ubuntu.local ticky: ERROR Something Blow up (belsdiboy)"
"May 27 11:45:40 ubuntu.local ticky: INFO Created ticket [#1234] (Jallthehoty)"
